{"/Users/andrei/git/firecloud/minlog/src/index.js": {"path":"/Users/andrei/git/firecloud/minlog/src/index.js","statementMap":{"0":{"start":{"line":1,"column":13},"end":{"line":1,"column":75}},"1":{"start":{"line":1,"column":75},"end":{"line":1,"column":172}},"2":{"start":{"line":1,"column":186},"end":{"line":1,"column":205}},"3":{"start":{"line":1,"column":221},"end":{"line":1,"column":252}},"4":{"start":{"line":2,"column":20},"end":{"line":2,"column":57}},"5":{"start":{"line":2,"column":79},"end":{"line":2,"column":116}},"6":{"start":{"line":3,"column":11},"end":{"line":3,"column":39}},"7":{"start":{"line":3,"column":52},"end":{"line":3,"column":80}},"8":{"start":{"line":4,"column":12},"end":{"line":4,"column":41}},"9":{"start":{"line":4,"column":55},"end":{"line":4,"column":84}},"10":{"start":{"line":4,"column":123},"end":{"line":4,"column":177}},"11":{"start":{"line":4,"column":178},"end":{"line":7,"column":26}},"12":{"start":{"line":7,"column":26},"end":{"line":8,"column":38}},"13":{"start":{"line":8,"column":38},"end":{"line":9,"column":29}},"14":{"start":{"line":9,"column":29},"end":{"line":10,"column":31}}},"fnMap":{"0":{"name":"_interopRequireDefault","decl":{"start":{"line":4,"column":94},"end":{"line":4,"column":116}},"loc":{"start":{"line":4,"column":122},"end":{"line":4,"column":178}},"line":4}},"branchMap":{"0":{"loc":{"start":{"line":4,"column":130},"end":{"line":4,"column":176}},"type":"cond-expr","locations":[{"start":{"line":4,"column":154},"end":{"line":4,"column":157}},{"start":{"line":4,"column":160},"end":{"line":4,"column":176}}],"line":4},"1":{"loc":{"start":{"line":4,"column":130},"end":{"line":4,"column":151}},"type":"binary-expr","locations":[{"start":{"line":4,"column":130},"end":{"line":4,"column":133}},{"start":{"line":4,"column":137},"end":{"line":4,"column":151}}],"line":4}},"s":{"0":0,"1":0,"2":0,"3":0,"4":0,"5":0,"6":0,"7":0,"8":0,"9":0,"10":0,"11":0,"12":0,"13":0,"14":0},"f":{"0":0},"b":{"0":[0,0],"1":[0,0]}}
,"/Users/andrei/git/firecloud/minlog/src/minlog.js": {"path":"/Users/andrei/git/firecloud/minlog/src/minlog.js","statementMap":{"0":{"start":{"line":37,"column":4},"end":{"line":37,"column":44}},"1":{"start":{"line":38,"column":4},"end":{"line":38,"column":40}},"2":{"start":{"line":39,"column":4},"end":{"line":39,"column":47}},"3":{"start":{"line":41,"column":4},"end":{"line":43,"column":7}},"4":{"start":{"line":42,"column":6},"end":{"line":42,"column":58}},"5":{"start":{"line":47,"column":4},"end":{"line":54,"column":5}},"6":{"start":{"line":49,"column":6},"end":{"line":49,"column":33}},"7":{"start":{"line":51,"column":6},"end":{"line":53,"column":7}},"8":{"start":{"line":52,"column":8},"end":{"line":52,"column":87}},"9":{"start":{"line":56,"column":20},"end":{"line":56,"column":65}},"10":{"start":{"line":57,"column":4},"end":{"line":57,"column":21}},"11":{"start":{"line":61,"column":4},"end":{"line":64,"column":5}},"12":{"start":{"line":63,"column":6},"end":{"line":63,"column":33}},"13":{"start":{"line":66,"column":14},"end":{"line":66,"column":30}},"14":{"start":{"line":68,"column":16},"end":{"line":72,"column":5}},"15":{"start":{"line":74,"column":4},"end":{"line":88,"column":7}},"16":{"start":{"line":75,"column":23},"end":{"line":77,"column":7}},"17":{"start":{"line":79,"column":6},"end":{"line":85,"column":7}},"18":{"start":{"line":80,"column":8},"end":{"line":80,"column":29}},"19":{"start":{"line":81,"column":13},"end":{"line":85,"column":7}},"20":{"start":{"line":82,"column":8},"end":{"line":82,"column":29}},"21":{"start":{"line":83,"column":13},"end":{"line":85,"column":7}},"22":{"start":{"line":84,"column":8},"end":{"line":84,"column":36}},"23":{"start":{"line":87,"column":6},"end":{"line":87,"column":33}},"24":{"start":{"line":90,"column":19},"end":{"line":90,"column":37}},"25":{"start":{"line":91,"column":4},"end":{"line":91,"column":26}},"26":{"start":{"line":93,"column":4},"end":{"line":95,"column":8}},"27":{"start":{"line":94,"column":6},"end":{"line":94,"column":64}},"28":{"start":{"line":97,"column":4},"end":{"line":99,"column":7}},"29":{"start":{"line":98,"column":6},"end":{"line":98,"column":48}}},"fnMap":{"0":{"name":"(anonymous_0)","decl":{"start":{"line":32,"column":2},"end":{"line":32,"column":3}},"loc":{"start":{"line":36,"column":10},"end":{"line":44,"column":3}},"line":36},"1":{"name":"(anonymous_1)","decl":{"start":{"line":41,"column":27},"end":{"line":41,"column":28}},"loc":{"start":{"line":41,"column":50},"end":{"line":43,"column":5}},"line":41},"2":{"name":"(anonymous_2)","decl":{"start":{"line":46,"column":2},"end":{"line":46,"column":3}},"loc":{"start":{"line":46,"column":26},"end":{"line":58,"column":3}},"line":46},"3":{"name":"(anonymous_3)","decl":{"start":{"line":60,"column":2},"end":{"line":60,"column":3}},"loc":{"start":{"line":60,"column":28},"end":{"line":100,"column":3}},"line":60},"4":{"name":"(anonymous_4)","decl":{"start":{"line":74,"column":20},"end":{"line":74,"column":21}},"loc":{"start":{"line":74,"column":41},"end":{"line":88,"column":5}},"line":74},"5":{"name":"(anonymous_5)","decl":{"start":{"line":93,"column":46},"end":{"line":93,"column":47}},"loc":{"start":{"line":93,"column":68},"end":{"line":95,"column":5}},"line":93},"6":{"name":"(anonymous_6)","decl":{"start":{"line":97,"column":30},"end":{"line":97,"column":31}},"loc":{"start":{"line":97,"column":44},"end":{"line":99,"column":5}},"line":97}},"branchMap":{"0":{"loc":{"start":{"line":32,"column":14},"end":{"line":36,"column":8}},"type":"default-arg","locations":[{"start":{"line":36,"column":6},"end":{"line":36,"column":8}}],"line":32},"1":{"loc":{"start":{"line":33,"column":4},"end":{"line":33,"column":34}},"type":"default-arg","locations":[{"start":{"line":33,"column":18},"end":{"line":33,"column":34}}],"line":33},"2":{"loc":{"start":{"line":34,"column":4},"end":{"line":34,"column":30}},"type":"default-arg","locations":[{"start":{"line":34,"column":16},"end":{"line":34,"column":30}}],"line":34},"3":{"loc":{"start":{"line":35,"column":4},"end":{"line":35,"column":15}},"type":"default-arg","locations":[{"start":{"line":35,"column":13},"end":{"line":35,"column":15}}],"line":35},"4":{"loc":{"start":{"line":47,"column":4},"end":{"line":54,"column":5}},"type":"if","locations":[{"start":{"line":47,"column":4},"end":{"line":54,"column":5}},{"start":{"line":47,"column":4},"end":{"line":54,"column":5}}],"line":47},"5":{"loc":{"start":{"line":51,"column":6},"end":{"line":53,"column":7}},"type":"if","locations":[{"start":{"line":51,"column":6},"end":{"line":53,"column":7}},{"start":{"line":51,"column":6},"end":{"line":53,"column":7}}],"line":51},"6":{"loc":{"start":{"line":56,"column":20},"end":{"line":56,"column":65}},"type":"binary-expr","locations":[{"start":{"line":56,"column":20},"end":{"line":56,"column":48}},{"start":{"line":56,"column":52},"end":{"line":56,"column":65}}],"line":56},"7":{"loc":{"start":{"line":61,"column":4},"end":{"line":64,"column":5}},"type":"if","locations":[{"start":{"line":61,"column":4},"end":{"line":64,"column":5}},{"start":{"line":61,"column":4},"end":{"line":64,"column":5}}],"line":61},"8":{"loc":{"start":{"line":79,"column":6},"end":{"line":85,"column":7}},"type":"if","locations":[{"start":{"line":79,"column":6},"end":{"line":85,"column":7}},{"start":{"line":79,"column":6},"end":{"line":85,"column":7}}],"line":79},"9":{"loc":{"start":{"line":79,"column":10},"end":{"line":79,"column":52}},"type":"binary-expr","locations":[{"start":{"line":79,"column":10},"end":{"line":79,"column":24}},{"start":{"line":79,"column":28},"end":{"line":79,"column":52}}],"line":79},"10":{"loc":{"start":{"line":81,"column":13},"end":{"line":85,"column":7}},"type":"if","locations":[{"start":{"line":81,"column":13},"end":{"line":85,"column":7}},{"start":{"line":81,"column":13},"end":{"line":85,"column":7}}],"line":81},"11":{"loc":{"start":{"line":81,"column":17},"end":{"line":81,"column":60}},"type":"binary-expr","locations":[{"start":{"line":81,"column":17},"end":{"line":81,"column":32}},{"start":{"line":81,"column":36},"end":{"line":81,"column":60}}],"line":81},"12":{"loc":{"start":{"line":83,"column":13},"end":{"line":85,"column":7}},"type":"if","locations":[{"start":{"line":83,"column":13},"end":{"line":85,"column":7}},{"start":{"line":83,"column":13},"end":{"line":85,"column":7}}],"line":83}},"s":{"0":5,"1":5,"2":5,"3":5,"4":73,"5":114,"6":0,"7":0,"8":0,"9":114,"10":114,"11":0,"12":0,"13":0,"14":0,"15":0,"16":0,"17":0,"18":0,"19":0,"20":0,"21":0,"22":0,"23":0,"24":0,"25":0,"26":0,"27":0,"28":0,"29":0},"f":{"0":5,"1":73,"2":114,"3":0,"4":0,"5":0,"6":0},"b":{"0":[4],"1":[5],"2":[5],"3":[4],"4":[0,114],"5":[0,0],"6":[114,90],"7":[0,0],"8":[0,0],"9":[0,0],"10":[0,0],"11":[0,0],"12":[0,0]},"_coverageSchema":"332fd63041d2c1bcb487cc26dd0d5f7d97098a6c","hash":"c3a21cf9716892429003d1712e5ccaea5661d4ea"}
,"/Users/andrei/git/firecloud/minlog/src/util.js": {"path":"/Users/andrei/git/firecloud/minlog/src/util.js","statementMap":{"0":{"start":{"line":4,"column":27},"end":{"line":36,"column":1}},"1":{"start":{"line":6,"column":13},"end":{"line":6,"column":17}},"2":{"start":{"line":9,"column":2},"end":{"line":11,"column":3}},"3":{"start":{"line":10,"column":4},"end":{"line":10,"column":11}},"4":{"start":{"line":13,"column":18},"end":{"line":13,"column":39}},"5":{"start":{"line":14,"column":20},"end":{"line":14,"column":43}},"6":{"start":{"line":15,"column":2},"end":{"line":15,"column":32}},"7":{"start":{"line":18,"column":2},"end":{"line":29,"column":4}},"8":{"start":{"line":19,"column":17},"end":{"line":19,"column":33}},"9":{"start":{"line":20,"column":4},"end":{"line":22,"column":5}},"10":{"start":{"line":21,"column":6},"end":{"line":21,"column":13}},"11":{"start":{"line":24,"column":4},"end":{"line":28,"column":6}},"12":{"start":{"line":31,"column":2},"end":{"line":31,"column":16}},"13":{"start":{"line":33,"column":2},"end":{"line":33,"column":36}},"14":{"start":{"line":34,"column":2},"end":{"line":34,"column":40}},"15":{"start":{"line":35,"column":2},"end":{"line":35,"column":14}}},"fnMap":{"0":{"name":"(anonymous_0)","decl":{"start":{"line":4,"column":27},"end":{"line":4,"column":28}},"loc":{"start":{"line":4,"column":43},"end":{"line":36,"column":1}},"line":4},"1":{"name":"(anonymous_1)","decl":{"start":{"line":18,"column":28},"end":{"line":18,"column":29}},"loc":{"start":{"line":18,"column":50},"end":{"line":29,"column":3}},"line":18}},"branchMap":{"0":{"loc":{"start":{"line":9,"column":2},"end":{"line":11,"column":3}},"type":"if","locations":[{"start":{"line":9,"column":2},"end":{"line":11,"column":3}},{"start":{"line":9,"column":2},"end":{"line":11,"column":3}}],"line":9},"1":{"loc":{"start":{"line":20,"column":4},"end":{"line":22,"column":5}},"type":"if","locations":[{"start":{"line":20,"column":4},"end":{"line":22,"column":5}},{"start":{"line":20,"column":4},"end":{"line":22,"column":5}}],"line":20}},"s":{"0":2,"1":0,"2":0,"3":0,"4":0,"5":0,"6":0,"7":0,"8":0,"9":0,"10":0,"11":0,"12":0,"13":0,"14":0,"15":0},"f":{"0":0,"1":0},"b":{"0":[0,0],"1":[0,0]},"_coverageSchema":"332fd63041d2c1bcb487cc26dd0d5f7d97098a6c","hash":"b4f0d06a36dac6c388dd1f313677a408ae4dce42"}
,"/Users/andrei/git/firecloud/minlog/src/listeners/.eslintrc.js": {"path":"/Users/andrei/git/firecloud/minlog/src/listeners/.eslintrc.js","statementMap":{"0":{"start":{"line":1,"column":13},"end":{"line":3,"column":28}}},"fnMap":{},"branchMap":{},"s":{"0":0},"f":{},"b":{}}
,"/Users/andrei/git/firecloud/minlog/src/listeners/log-to-console.js": {"path":"/Users/andrei/git/firecloud/minlog/src/listeners/log-to-console.js","statementMap":{"0":{"start":{"line":4,"column":32},"end":{"line":26,"column":1}},"1":{"start":{"line":5,"column":2},"end":{"line":8,"column":3}},"2":{"start":{"line":7,"column":4},"end":{"line":7,"column":26}},"3":{"start":{"line":10,"column":2},"end":{"line":23,"column":3}},"4":{"start":{"line":11,"column":4},"end":{"line":11,"column":19}},"5":{"start":{"line":12,"column":9},"end":{"line":23,"column":3}},"6":{"start":{"line":13,"column":4},"end":{"line":13,"column":18}},"7":{"start":{"line":14,"column":9},"end":{"line":23,"column":3}},"8":{"start":{"line":15,"column":4},"end":{"line":15,"column":18}},"9":{"start":{"line":16,"column":9},"end":{"line":23,"column":3}},"10":{"start":{"line":20,"column":4},"end":{"line":20,"column":17}},"11":{"start":{"line":21,"column":9},"end":{"line":23,"column":3}},"12":{"start":{"line":22,"column":4},"end":{"line":22,"column":19}},"13":{"start":{"line":25,"column":2},"end":{"line":25,"column":15}},"14":{"start":{"line":37,"column":2},"end":{"line":144,"column":4}},"15":{"start":{"line":38,"column":4},"end":{"line":40,"column":5}},"16":{"start":{"line":39,"column":6},"end":{"line":39,"column":13}},"17":{"start":{"line":42,"column":23},"end":{"line":42,"column":43}},"18":{"start":{"line":43,"column":19},"end":{"line":43,"column":46}},"19":{"start":{"line":44,"column":4},"end":{"line":44,"column":52}},"20":{"start":{"line":45,"column":4},"end":{"line":47,"column":5}},"21":{"start":{"line":46,"column":6},"end":{"line":46,"column":13}},"22":{"start":{"line":49,"column":14},"end":{"line":49,"column":87}},"23":{"start":{"line":50,"column":20},"end":{"line":50,"column":57}},"24":{"start":{"line":51,"column":29},"end":{"line":51,"column":66}},"25":{"start":{"line":52,"column":21},"end":{"line":55,"column":6}},"26":{"start":{"line":57,"column":16},"end":{"line":57,"column":18}},"27":{"start":{"line":58,"column":4},"end":{"line":65,"column":5}},"28":{"start":{"line":62,"column":6},"end":{"line":62,"column":34}},"29":{"start":{"line":63,"column":6},"end":{"line":63,"column":12}},"30":{"start":{"line":67,"column":23},"end":{"line":67,"column":36}},"31":{"start":{"line":68,"column":21},"end":{"line":74,"column":5}},"32":{"start":{"line":76,"column":14},"end":{"line":76,"column":16}},"33":{"start":{"line":77,"column":4},"end":{"line":83,"column":5}},"34":{"start":{"line":78,"column":6},"end":{"line":78,"column":53}},"35":{"start":{"line":79,"column":6},"end":{"line":79,"column":113}},"36":{"start":{"line":80,"column":11},"end":{"line":83,"column":5}},"37":{"start":{"line":81,"column":6},"end":{"line":81,"column":23}},"38":{"start":{"line":82,"column":6},"end":{"line":82,"column":99}},"39":{"start":{"line":85,"column":19},"end":{"line":88,"column":5}},"40":{"start":{"line":90,"column":18},"end":{"line":93,"column":5}},"41":{"start":{"line":95,"column":20},"end":{"line":95,"column":42}},"42":{"start":{"line":96,"column":18},"end":{"line":99,"column":5}},"43":{"start":{"line":101,"column":20},"end":{"line":101,"column":22}},"44":{"start":{"line":102,"column":18},"end":{"line":102,"column":20}},"45":{"start":{"line":103,"column":4},"end":{"line":108,"column":5}},"46":{"start":{"line":104,"column":6},"end":{"line":104,"column":25}},"47":{"start":{"line":105,"column":6},"end":{"line":107,"column":8}},"48":{"start":{"line":110,"column":22},"end":{"line":110,"column":24}},"49":{"start":{"line":111,"column":20},"end":{"line":111,"column":22}},"50":{"start":{"line":113,"column":16},"end":{"line":121,"column":6}},"51":{"start":{"line":122,"column":4},"end":{"line":122,"column":28}},"52":{"start":{"line":125,"column":4},"end":{"line":125,"column":29}},"53":{"start":{"line":126,"column":4},"end":{"line":126,"column":31}},"54":{"start":{"line":127,"column":4},"end":{"line":127,"column":31}},"55":{"start":{"line":131,"column":4},"end":{"line":134,"column":7}},"56":{"start":{"line":132,"column":6},"end":{"line":132,"column":27}},"57":{"start":{"line":133,"column":6},"end":{"line":133,"column":37}},"58":{"start":{"line":137,"column":4},"end":{"line":143,"column":6}}},"fnMap":{"0":{"name":"(anonymous_0)","decl":{"start":{"line":4,"column":32},"end":{"line":4,"column":33}},"loc":{"start":{"line":4,"column":58},"end":{"line":26,"column":1}},"line":4},"1":{"name":"(anonymous_1)","decl":{"start":{"line":36,"column":15},"end":{"line":36,"column":16}},"loc":{"start":{"line":36,"column":34},"end":{"line":145,"column":1}},"line":36},"2":{"name":"(anonymous_2)","decl":{"start":{"line":37,"column":9},"end":{"line":37,"column":10}},"loc":{"start":{"line":37,"column":51},"end":{"line":144,"column":3}},"line":37},"3":{"name":"(anonymous_3)","decl":{"start":{"line":131,"column":21},"end":{"line":131,"column":22}},"loc":{"start":{"line":131,"column":42},"end":{"line":134,"column":5}},"line":131}},"branchMap":{"0":{"loc":{"start":{"line":5,"column":2},"end":{"line":8,"column":3}},"type":"if","locations":[{"start":{"line":5,"column":2},"end":{"line":8,"column":3}},{"start":{"line":5,"column":2},"end":{"line":8,"column":3}}],"line":5},"1":{"loc":{"start":{"line":10,"column":2},"end":{"line":23,"column":3}},"type":"if","locations":[{"start":{"line":10,"column":2},"end":{"line":23,"column":3}},{"start":{"line":10,"column":2},"end":{"line":23,"column":3}}],"line":10},"2":{"loc":{"start":{"line":12,"column":9},"end":{"line":23,"column":3}},"type":"if","locations":[{"start":{"line":12,"column":9},"end":{"line":23,"column":3}},{"start":{"line":12,"column":9},"end":{"line":23,"column":3}}],"line":12},"3":{"loc":{"start":{"line":14,"column":9},"end":{"line":23,"column":3}},"type":"if","locations":[{"start":{"line":14,"column":9},"end":{"line":23,"column":3}},{"start":{"line":14,"column":9},"end":{"line":23,"column":3}}],"line":14},"4":{"loc":{"start":{"line":16,"column":9},"end":{"line":23,"column":3}},"type":"if","locations":[{"start":{"line":16,"column":9},"end":{"line":23,"column":3}},{"start":{"line":16,"column":9},"end":{"line":23,"column":3}}],"line":16},"5":{"loc":{"start":{"line":21,"column":9},"end":{"line":23,"column":3}},"type":"if","locations":[{"start":{"line":21,"column":9},"end":{"line":23,"column":3}},{"start":{"line":21,"column":9},"end":{"line":23,"column":3}}],"line":21},"6":{"loc":{"start":{"line":36,"column":24},"end":{"line":36,"column":32}},"type":"default-arg","locations":[{"start":{"line":36,"column":30},"end":{"line":36,"column":32}}],"line":36},"7":{"loc":{"start":{"line":38,"column":4},"end":{"line":40,"column":5}},"type":"if","locations":[{"start":{"line":38,"column":4},"end":{"line":40,"column":5}},{"start":{"line":38,"column":4},"end":{"line":40,"column":5}}],"line":38},"8":{"loc":{"start":{"line":38,"column":8},"end":{"line":38,"column":76}},"type":"binary-expr","locations":[{"start":{"line":38,"column":8},"end":{"line":38,"column":45}},{"start":{"line":38,"column":49},"end":{"line":38,"column":76}}],"line":38},"9":{"loc":{"start":{"line":42,"column":23},"end":{"line":42,"column":43}},"type":"binary-expr","locations":[{"start":{"line":42,"column":23},"end":{"line":42,"column":32}},{"start":{"line":42,"column":36},"end":{"line":42,"column":43}}],"line":42},"10":{"loc":{"start":{"line":45,"column":4},"end":{"line":47,"column":5}},"type":"if","locations":[{"start":{"line":45,"column":4},"end":{"line":47,"column":5}},{"start":{"line":45,"column":4},"end":{"line":47,"column":5}}],"line":45},"11":{"loc":{"start":{"line":58,"column":4},"end":{"line":65,"column":5}},"type":"switch","locations":[{"start":{"line":59,"column":4},"end":{"line":59,"column":15}},{"start":{"line":60,"column":4},"end":{"line":60,"column":16}},{"start":{"line":61,"column":4},"end":{"line":63,"column":12}},{"start":{"line":64,"column":4},"end":{"line":64,"column":12}}],"line":58},"12":{"loc":{"start":{"line":77,"column":4},"end":{"line":83,"column":5}},"type":"if","locations":[{"start":{"line":77,"column":4},"end":{"line":83,"column":5}},{"start":{"line":77,"column":4},"end":{"line":83,"column":5}}],"line":77},"13":{"loc":{"start":{"line":79,"column":67},"end":{"line":79,"column":110}},"type":"cond-expr","locations":[{"start":{"line":79,"column":82},"end":{"line":79,"column":105}},{"start":{"line":79,"column":108},"end":{"line":79,"column":110}}],"line":79},"14":{"loc":{"start":{"line":80,"column":11},"end":{"line":83,"column":5}},"type":"if","locations":[{"start":{"line":80,"column":11},"end":{"line":83,"column":5}},{"start":{"line":80,"column":11},"end":{"line":83,"column":5}}],"line":80},"15":{"loc":{"start":{"line":82,"column":53},"end":{"line":82,"column":96}},"type":"cond-expr","locations":[{"start":{"line":82,"column":68},"end":{"line":82,"column":91}},{"start":{"line":82,"column":94},"end":{"line":82,"column":96}}],"line":82},"16":{"loc":{"start":{"line":87,"column":6},"end":{"line":87,"column":44}},"type":"cond-expr","locations":[{"start":{"line":87,"column":33},"end":{"line":87,"column":38}},{"start":{"line":87,"column":41},"end":{"line":87,"column":44}}],"line":87},"17":{"loc":{"start":{"line":103,"column":4},"end":{"line":108,"column":5}},"type":"if","locations":[{"start":{"line":103,"column":4},"end":{"line":108,"column":5}},{"start":{"line":103,"column":4},"end":{"line":108,"column":5}}],"line":103}},"s":{"0":1,"1":70,"2":28,"3":70,"4":20,"5":50,"6":12,"7":38,"8":8,"9":30,"10":11,"11":19,"12":2,"13":17,"14":0,"15":0,"16":0,"17":0,"18":0,"19":0,"20":0,"21":0,"22":0,"23":0,"24":0,"25":0,"26":0,"27":0,"28":0,"29":0,"30":0,"31":0,"32":0,"33":0,"34":0,"35":0,"36":0,"37":0,"38":0,"39":0,"40":0,"41":0,"42":0,"43":0,"44":0,"45":0,"46":0,"47":0,"48":0,"49":0,"50":0,"51":0,"52":0,"53":0,"54":0,"55":0,"56":0,"57":0,"58":0},"f":{"0":70,"1":0,"2":0,"3":0},"b":{"0":[28,42],"1":[20,50],"2":[12,38],"3":[8,30],"4":[11,19],"5":[2,17],"6":[0],"7":[0,0],"8":[0,0],"9":[0,0],"10":[0,0],"11":[0,0,0,0],"12":[0,0],"13":[0,0],"14":[0,0],"15":[0,0],"16":[0,0],"17":[0,0]},"_coverageSchema":"332fd63041d2c1bcb487cc26dd0d5f7d97098a6c","hash":"33b0b4079c1d5317344fecc1ca9b776e2a07d03f"}
,"/Users/andrei/git/firecloud/minlog/src/serializers/err.js": {"path":"/Users/andrei/git/firecloud/minlog/src/serializers/err.js","statementMap":{"0":{"start":{"line":1,"column":13},"end":{"line":1,"column":75}},"1":{"start":{"line":1,"column":91},"end":{"line":1,"column":130}},"2":{"start":{"line":1,"column":145},"end":{"line":1,"column":162}},"3":{"start":{"line":1,"column":178},"end":{"line":1,"column":209}},"4":{"start":{"line":2,"column":20},"end":{"line":2,"column":44}},"5":{"start":{"line":2,"column":66},"end":{"line":2,"column":103}},"6":{"start":{"line":2,"column":142},"end":{"line":2,"column":196}},"7":{"start":{"line":2,"column":197},"end":{"line":40,"column":69}},"8":{"start":{"line":2,"column":234},"end":{"line":40,"column":4}},"9":{"start":{"line":5,"column":18},"end":{"line":5,"column":23}},"10":{"start":{"line":7,"column":4},"end":{"line":9,"column":5}},"11":{"start":{"line":8,"column":6},"end":{"line":8,"column":19}},"12":{"start":{"line":12,"column":4},"end":{"line":23,"column":5}},"13":{"start":{"line":13,"column":6},"end":{"line":13,"column":58}},"14":{"start":{"line":15,"column":6},"end":{"line":20,"column":7}},"15":{"start":{"line":16,"column":8},"end":{"line":16,"column":79}},"16":{"start":{"line":19,"column":8},"end":{"line":19,"column":40}},"17":{"start":{"line":22,"column":6},"end":{"line":22,"column":37}},"18":{"start":{"line":25,"column":4},"end":{"line":31,"column":31}},"19":{"start":{"line":34,"column":19},"end":{"line":34,"column":50}},"20":{"start":{"line":35,"column":20},"end":{"line":35,"column":56}},"21":{"start":{"line":36,"column":4},"end":{"line":37,"column":57}},"22":{"start":{"line":39,"column":4},"end":{"line":39,"column":17}},"23":{"start":{"line":40,"column":5},"end":{"line":40,"column":64}},"24":{"start":{"line":40,"column":27},"end":{"line":40,"column":62}}},"fnMap":{"0":{"name":"_interopRequireDefault","decl":{"start":{"line":2,"column":113},"end":{"line":2,"column":135}},"loc":{"start":{"line":2,"column":141},"end":{"line":2,"column":197}},"line":2},"1":{"name":"(anonymous_1)","decl":{"start":{"line":2,"column":216},"end":{"line":2,"column":217}},"loc":{"start":{"line":2,"column":222},"end":{"line":40,"column":65}},"line":2},"2":{"name":"(anonymous_2)","decl":{"start":{"line":4,"column":2},"end":{"line":4,"column":3}},"loc":{"start":{"line":4,"column":24},"end":{"line":40,"column":3}},"line":4},"3":{"name":"(anonymous_3)","decl":{"start":{"line":40,"column":12},"end":{"line":40,"column":13}},"loc":{"start":{"line":40,"column":26},"end":{"line":40,"column":63}},"line":40}},"branchMap":{"0":{"loc":{"start":{"line":2,"column":149},"end":{"line":2,"column":195}},"type":"cond-expr","locations":[{"start":{"line":2,"column":173},"end":{"line":2,"column":176}},{"start":{"line":2,"column":179},"end":{"line":2,"column":195}}],"line":2},"1":{"loc":{"start":{"line":2,"column":149},"end":{"line":2,"column":170}},"type":"binary-expr","locations":[{"start":{"line":2,"column":149},"end":{"line":2,"column":152}},{"start":{"line":2,"column":156},"end":{"line":2,"column":170}}],"line":2},"2":{"loc":{"start":{"line":7,"column":4},"end":{"line":9,"column":5}},"type":"if","locations":[{"start":{"line":7,"column":4},"end":{"line":9,"column":5}},{"start":{"line":7,"column":4},"end":{"line":9,"column":5}}],"line":7},"3":{"loc":{"start":{"line":34,"column":19},"end":{"line":34,"column":50}},"type":"cond-expr","locations":[{"start":{"line":34,"column":34},"end":{"line":34,"column":45}},{"start":{"line":34,"column":48},"end":{"line":34,"column":50}}],"line":34},"4":{"loc":{"start":{"line":35,"column":20},"end":{"line":35,"column":56}},"type":"cond-expr","locations":[{"start":{"line":35,"column":36},"end":{"line":35,"column":51}},{"start":{"line":35,"column":54},"end":{"line":35,"column":56}}],"line":35},"5":{"loc":{"start":{"line":36,"column":16},"end":{"line":37,"column":56}},"type":"binary-expr","locations":[{"start":{"line":36,"column":16},"end":{"line":36,"column":25}},{"start":{"line":37,"column":4},"end":{"line":37,"column":56}}],"line":36}},"s":{"0":0,"1":0,"2":0,"3":0,"4":0,"5":0,"6":0,"7":0,"8":0,"9":0,"10":0,"11":0,"12":0,"13":0,"14":0,"15":0,"16":0,"17":0,"18":0,"19":0,"20":0,"21":0,"22":0,"23":0,"24":0},"f":{"0":0,"1":0,"2":0,"3":0},"b":{"0":[0,0],"1":[0,0],"2":[0,0],"3":[0,0],"4":[0,0],"5":[0,0]}}
,"/Users/andrei/git/firecloud/minlog/src/serializers/time.js": {"path":"/Users/andrei/git/firecloud/minlog/src/serializers/time.js","statementMap":{"0":{"start":{"line":1,"column":13},"end":{"line":1,"column":75}},"1":{"start":{"line":1,"column":91},"end":{"line":1,"column":130}},"2":{"start":{"line":1,"column":145},"end":{"line":1,"column":162}},"3":{"start":{"line":1,"column":178},"end":{"line":1,"column":209}},"4":{"start":{"line":2,"column":14},"end":{"line":2,"column":31}},"5":{"start":{"line":2,"column":47},"end":{"line":2,"column":78}},"6":{"start":{"line":3,"column":22},"end":{"line":3,"column":48}},"7":{"start":{"line":3,"column":72},"end":{"line":3,"column":111}},"8":{"start":{"line":3,"column":150},"end":{"line":3,"column":204}},"9":{"start":{"line":3,"column":205},"end":{"line":19,"column":69}},"10":{"start":{"line":3,"column":242},"end":{"line":19,"column":4}},"11":{"start":{"line":6,"column":20},"end":{"line":6,"column":25}},"12":{"start":{"line":8,"column":4},"end":{"line":10,"column":5}},"13":{"start":{"line":9,"column":6},"end":{"line":9,"column":19}},"14":{"start":{"line":12,"column":4},"end":{"line":15,"column":61}},"15":{"start":{"line":18,"column":4},"end":{"line":18,"column":17}},"16":{"start":{"line":19,"column":5},"end":{"line":19,"column":64}},"17":{"start":{"line":19,"column":27},"end":{"line":19,"column":62}}},"fnMap":{"0":{"name":"_interopRequireDefault","decl":{"start":{"line":3,"column":121},"end":{"line":3,"column":143}},"loc":{"start":{"line":3,"column":149},"end":{"line":3,"column":205}},"line":3},"1":{"name":"(anonymous_1)","decl":{"start":{"line":3,"column":224},"end":{"line":3,"column":225}},"loc":{"start":{"line":3,"column":230},"end":{"line":19,"column":65}},"line":3},"2":{"name":"(anonymous_2)","decl":{"start":{"line":5,"column":2},"end":{"line":5,"column":3}},"loc":{"start":{"line":5,"column":24},"end":{"line":19,"column":3}},"line":5},"3":{"name":"(anonymous_3)","decl":{"start":{"line":19,"column":12},"end":{"line":19,"column":13}},"loc":{"start":{"line":19,"column":26},"end":{"line":19,"column":63}},"line":19}},"branchMap":{"0":{"loc":{"start":{"line":3,"column":157},"end":{"line":3,"column":203}},"type":"cond-expr","locations":[{"start":{"line":3,"column":181},"end":{"line":3,"column":184}},{"start":{"line":3,"column":187},"end":{"line":3,"column":203}}],"line":3},"1":{"loc":{"start":{"line":3,"column":157},"end":{"line":3,"column":178}},"type":"binary-expr","locations":[{"start":{"line":3,"column":157},"end":{"line":3,"column":160}},{"start":{"line":3,"column":164},"end":{"line":3,"column":178}}],"line":3},"2":{"loc":{"start":{"line":8,"column":4},"end":{"line":10,"column":5}},"type":"if","locations":[{"start":{"line":8,"column":4},"end":{"line":10,"column":5}},{"start":{"line":8,"column":4},"end":{"line":10,"column":5}}],"line":8}},"s":{"0":0,"1":0,"2":0,"3":0,"4":0,"5":0,"6":0,"7":0,"8":0,"9":0,"10":0,"11":0,"12":0,"13":0,"14":0,"15":0,"16":0,"17":0},"f":{"0":0,"1":0,"2":0,"3":0},"b":{"0":[0,0],"1":[0,0],"2":[0,0]}}
}
