TN:
SF:/Users/andrei/git/firecloud/minlog/src/index.js
FNF:0
FNH:0
DA:1,0
DA:2,0
DA:3,0
DA:4,0
LF:4
LH:0
BRF:0
BRH:0
end_of_record
TN:
SF:/Users/andrei/git/firecloud/minlog/src/minlog.js
FN:34,(anonymous_0)
FN:43,(anonymous_1)
FN:48,(anonymous_2)
FN:62,(anonymous_3)
FN:76,(anonymous_4)
FN:95,(anonymous_5)
FN:99,(anonymous_6)
FNF:7
FNH:3
FNDA:5,(anonymous_0)
FNDA:73,(anonymous_1)
FNDA:114,(anonymous_2)
FNDA:0,(anonymous_3)
FNDA:0,(anonymous_4)
FNDA:0,(anonymous_5)
FNDA:0,(anonymous_6)
DA:39,5
DA:40,5
DA:41,5
DA:43,5
DA:44,73
DA:49,114
DA:51,0
DA:53,0
DA:54,0
DA:58,114
DA:59,114
DA:63,0
DA:65,0
DA:68,0
DA:70,0
DA:76,0
DA:77,0
DA:81,0
DA:82,0
DA:83,0
DA:84,0
DA:85,0
DA:86,0
DA:89,0
DA:92,0
DA:93,0
DA:95,0
DA:96,0
DA:99,0
DA:100,0
LF:30
LH:8
BRDA:34,0,0,4
BRDA:35,1,0,5
BRDA:36,2,0,5
BRDA:37,3,0,4
BRDA:49,4,0,0
BRDA:49,4,1,114
BRDA:53,5,0,0
BRDA:53,5,1,0
BRDA:58,6,0,114
BRDA:58,6,1,90
BRDA:63,7,0,0
BRDA:63,7,1,0
BRDA:81,8,0,0
BRDA:81,8,1,0
BRDA:81,9,0,0
BRDA:81,9,1,0
BRDA:83,10,0,0
BRDA:83,10,1,0
BRDA:83,11,0,0
BRDA:83,11,1,0
BRDA:85,12,0,0
BRDA:85,12,1,0
BRF:22
BRH:7
end_of_record
TN:
SF:/Users/andrei/git/firecloud/minlog/src/util.js
FN:4,(anonymous_0)
FN:18,(anonymous_1)
FNF:2
FNH:0
FNDA:0,(anonymous_0)
FNDA:0,(anonymous_1)
DA:4,2
DA:6,0
DA:9,0
DA:10,0
DA:13,0
DA:14,0
DA:15,0
DA:18,0
DA:19,0
DA:20,0
DA:21,0
DA:24,0
DA:31,0
DA:33,0
DA:34,0
DA:35,0
LF:16
LH:1
BRDA:9,0,0,0
BRDA:9,0,1,0
BRDA:20,1,0,0
BRDA:20,1,1,0
BRF:4
BRH:0
end_of_record
TN:
SF:/Users/andrei/git/firecloud/minlog/src/listeners/.eslintrc.js
FNF:0
FNH:0
DA:1,0
LF:1
LH:0
BRF:0
BRH:0
end_of_record
TN:
SF:/Users/andrei/git/firecloud/minlog/src/listeners/log-to-console.js
FN:4,(anonymous_0)
FN:36,(anonymous_1)
FN:37,(anonymous_2)
FN:131,(anonymous_3)
FNF:4
FNH:1
FNDA:70,(anonymous_0)
FNDA:0,(anonymous_1)
FNDA:0,(anonymous_2)
FNDA:0,(anonymous_3)
DA:4,1
DA:5,70
DA:7,28
DA:10,70
DA:11,20
DA:12,50
DA:13,12
DA:14,38
DA:15,8
DA:16,30
DA:20,11
DA:21,19
DA:22,2
DA:25,17
DA:37,0
DA:38,0
DA:39,0
DA:42,0
DA:43,0
DA:44,0
DA:45,0
DA:46,0
DA:49,0
DA:50,0
DA:51,0
DA:52,0
DA:57,0
DA:58,0
DA:62,0
DA:63,0
DA:67,0
DA:68,0
DA:76,0
DA:77,0
DA:78,0
DA:79,0
DA:80,0
DA:81,0
DA:82,0
DA:85,0
DA:90,0
DA:95,0
DA:96,0
DA:101,0
DA:102,0
DA:103,0
DA:104,0
DA:105,0
DA:110,0
DA:111,0
DA:113,0
DA:122,0
DA:125,0
DA:126,0
DA:127,0
DA:131,0
DA:132,0
DA:133,0
DA:137,0
LF:59
LH:14
BRDA:5,0,0,28
BRDA:5,0,1,42
BRDA:10,1,0,20
BRDA:10,1,1,50
BRDA:12,2,0,12
BRDA:12,2,1,38
BRDA:14,3,0,8
BRDA:14,3,1,30
BRDA:16,4,0,11
BRDA:16,4,1,19
BRDA:21,5,0,2
BRDA:21,5,1,17
BRDA:36,6,0,0
BRDA:38,7,0,0
BRDA:38,7,1,0
BRDA:38,8,0,0
BRDA:38,8,1,0
BRDA:42,9,0,0
BRDA:42,9,1,0
BRDA:45,10,0,0
BRDA:45,10,1,0
BRDA:58,11,0,0
BRDA:58,11,1,0
BRDA:58,11,2,0
BRDA:58,11,3,0
BRDA:77,12,0,0
BRDA:77,12,1,0
BRDA:79,13,0,0
BRDA:79,13,1,0
BRDA:80,14,0,0
BRDA:80,14,1,0
BRDA:82,15,0,0
BRDA:82,15,1,0
BRDA:87,16,0,0
BRDA:87,16,1,0
BRDA:103,17,0,0
BRDA:103,17,1,0
BRF:37
BRH:12
end_of_record
TN:
SF:/Users/andrei/git/firecloud/minlog/src/serializers/err.js
FNF:0
FNH:0
DA:1,0
DA:2,0
DA:5,0
DA:7,0
DA:8,0
DA:12,0
DA:13,0
DA:15,0
DA:16,0
DA:19,0
DA:22,0
DA:25,0
DA:34,0
DA:35,0
DA:36,0
DA:39,0
LF:16
LH:0
BRDA:7,0,0,0
BRDA:7,0,1,0
BRDA:34,1,0,0
BRDA:34,1,1,0
BRDA:35,2,0,0
BRDA:35,2,1,0
BRDA:36,3,0,0
BRDA:36,3,1,0
BRF:8
BRH:0
end_of_record
TN:
SF:/Users/andrei/git/firecloud/minlog/src/serializers/time.js
FNF:0
FNH:0
DA:1,0
DA:2,0
DA:3,0
DA:6,0
DA:8,0
DA:9,0
DA:12,0
DA:18,0
LF:8
LH:0
BRDA:8,0,0,0
BRDA:8,0,1,0
BRF:2
BRH:0
end_of_record
